<?xml version="1.0" encoding="UTF-8"?>
<!-- Generated by org.testng.reporters.JUnitReportReporter -->
<testsuite hostname="PC207713" name="com.email.scripts.GetFieldsAcceble" tests="1" failures="0" timestamp="17 Dec 2015 10:09:00 GMT" time="501.759" errors="0">
  <testcase name="getFields" time="501.759" classname="com.email.scripts.GetFieldsAcceble"/>
</testsuite> <!-- com.email.scripts.GetFieldsAcceble -->
