<?xml version="1.0" encoding="UTF-8"?>
<!-- Generated by org.testng.reporters.JUnitReportReporter -->
<testsuite hostname="udanka" name="com.email.scripts.GetFieldsAcceble" tests="1" failures="0" timestamp="16 Dec 2015 18:07:53 GMT" time="246.058" errors="0">
  <testcase name="getFields" time="246.058" classname="com.email.scripts.GetFieldsAcceble"/>
</testsuite> <!-- com.email.scripts.GetFieldsAcceble -->
